#
# A fatal error has been detected by the Java Runtime Environment:
#
#  EXCEPTION_ACCESS_VIOLATION (0xc0000005) at pc=0x00007ff9f4838a36, pid=8920, tid=12780
#
# JRE version: Java(TM) SE Runtime Environment 18.9 (11.0.9+7) (build 11.0.9+7-LTS)
# Java VM: Java HotSpot(TM) 64-Bit Server VM 18.9 (11.0.9+7-LTS, mixed mode, tiered, compressed oops, g1 gc, windows-amd64)
# Problematic frame:
# V  [jvm.dll+0x188a36]
#
# No core dump will be written. Minidumps are not enabled by default on client versions of Windows
#
# If you would like to submit a bug report, please visit:
#   https://bugreport.java.com/bugreport/crash.jsp
#

---------------  S U M M A R Y ------------

Command Line: -Xverify:none -XX:TieredStopAtLevel=1 kry.test.service.ServiceApplication

Host: Intel(R) Core(TM) i7-4558U CPU @ 2.80GHz, 4 cores, 7G,  Windows 10 , 64 bit Build 18362 (10.0.18362.1110)
Time: Wed Dec  9 19:04:27 2020 Västeuropa, normaltid elapsed time: 11363.036849 seconds (0d 3h 9m 23s)

---------------  T H R E A D  ---------------

Current thread (0x0000027a6cf09800):  GCTaskThread "GC Thread#0" [stack: 0x000000a588a00000,0x000000a588b00000] [id=12780]

Stack: [0x000000a588a00000,0x000000a588b00000],  sp=0x000000a588affb38,  free space=1022k
Native frames: (J=compiled Java code, j=interpreted, Vv=VM code, C=native code)
V  [jvm.dll+0x188a36]


siginfo: EXCEPTION_ACCESS_VIOLATION (0xc0000005), reading address 0x0000000000000008


Register to memory mapping:

RIP=0x00007ff9f4838a36 jvm.dll
RAX=0x0000000000000001 is an unknown value
RBX=0x0000000086ea2d40 is pointing into object: [Ljava.util.HashMap$Node; 
{0x0000000086e86388} - klass: 'java/util/HashMap$Node'[]
 - length: 32768
RCX=0x00000000877bde70 is pointing into object: sun.security.ssl.SSLExtensions 
{0x00000000877bde60} - klass: 'sun/security/ssl/SSLExtensions'
RDX=0x00000000877bde70 is pointing into object: sun.security.ssl.SSLExtensions 
{0x00000000877bde60} - klass: 'sun/security/ssl/SSLExtensions'
RSP=0x000000a588affb38 points into unknown readable memory: 0e 8a 9a f4 f9 7f 00 00
RBP=0x0000027a7f44b270 points into unknown readable memory: e8 fa ef f4 f9 7f 00 00
RSI=0x0000027a7f44b270 points into unknown readable memory: e8 fa ef f4 f9 7f 00 00
RDI=0x0000000000000001 is an unknown value
R8 =0x00000000877bde70 is pointing into object: sun.security.ssl.SSLExtensions 
{0x00000000877bde60} - klass: 'sun/security/ssl/SSLExtensions'
R9 =0x0 is NULL
R10=0x000000000000000c is an unknown value
R11=0x0000000000000001 is an unknown value
R12=0x0000027a6cf02ae0 points into unknown readable memory: 73 75 6e 2e 73 65 63 75
R13=0x00000000000003d8 is an unknown value
R14=0x00000000877bde70 is pointing into object: sun.security.ssl.SSLExtensions 
{0x00000000877bde60} - klass: 'sun/security/ssl/SSLExtensions'
R15=0x877bde80877bd930 is an unknown value


Registers:
RAX=0x0000000000000001, RBX=0x0000000086ea2d40, RCX=0x00000000877bde70, RDX=0x00000000877bde70
RSP=0x000000a588affb38, RBP=0x0000027a7f44b270, RSI=0x0000027a7f44b270, RDI=0x0000000000000001
R8 =0x00000000877bde70, R9 =0x0000000000000000, R10=0x000000000000000c, R11=0x0000000000000001
R12=0x0000027a6cf02ae0, R13=0x00000000000003d8, R14=0x00000000877bde70, R15=0x877bde80877bd930
RIP=0x00007ff9f4838a36, EFLAGS=0x0000000000010246

Top of Stack: (sp=0x000000a588affb38)
0x000000a588affb38:   00007ff9f49a8a0e 0000000085c41992
0x000000a588affb48:   0000027a7f44b3e0 0000027a7f44b270
0x000000a588affb58:   0000000000007274 0000027a00007274
0x000000a588affb68:   00007ff9f4981194 0000000086e86388
0x000000a588affb78:   00007ff9f49830a8 0000027a7f44b270
0x000000a588affb88:   0000000000000000 0000027a6cf0b6a8
0x000000a588affb98:   00000000000003d8 0000027a6cf02ae0
0x000000a588affba8:   0000027a7f44b270 000000a588affd20
0x000000a588affbb8:   00007ff9f498318b 0000027a7f44b270
0x000000a588affbc8:   0000027a6cf0b6a8 0000000000000000
0x000000a588affbd8:   0000000086ea2d40 0000027a6cf0b6a0
0x000000a588affbe8:   00007ff9f49a97a5 000000000000062f
0x000000a588affbf8:   0000027a7f44b3e0 0000027a7f44b270
0x000000a588affc08:   0000000000000080 00000b3f00000080
0x000000a588affc18:   00000b3f00000656 000000008704c5f8
0x000000a588affc28:   00007ff9f49830a8 000000000000a8b4 

Instructions: (pc=0x00007ff9f4838a36)
0x00007ff9f4838a16:   00 48 8b 51 08 48 8b c8 e9 0d 00 00 00 cc cc cc
0x00007ff9f4838a26:   cc cc cc cc cc cc cc cc cc cc 4c 8b ca 48 8b d1
0x00007ff9f4838a36:   45 8b 41 08 45 85 c0 7e 0e 41 f6 c0 01 75 56 41
0x00007ff9f4838a46:   c1 f8 03 41 8b c0 c3 79 4c 80 3d db e0 89 00 00 


Stack slot to memory mapping:
stack at sp + 0 slots: 0x00007ff9f49a8a0e jvm.dll
stack at sp + 1 slots: 0x0000000085c41992 is pointing into object: [Ljava.util.HashMap$Node; 
{0x0000000085c41990} - klass: 'java/util/HashMap$Node'[]
 - length: 32768
stack at sp + 2 slots: 0x0000027a7f44b3e0 points into unknown readable memory: a0 fa ef f4 f9 7f 00 00
stack at sp + 3 slots: 0x0000027a7f44b270 points into unknown readable memory: e8 fa ef f4 f9 7f 00 00
stack at sp + 4 slots: 0x0000000000007274 is an unknown value
stack at sp + 5 slots: 0x0000027a00007274 is pointing to an (unnamed) stub routine
stack at sp + 6 slots: 0x00007ff9f4981194 jvm.dll
stack at sp + 7 slots: 0x0000000086e86388 is an oop: [Ljava.util.HashMap$Node; 
{0x0000000086e86388} - klass: 'java/util/HashMap$Node'[]
 - length: 32768


---------------  P R O C E S S  ---------------

Threads class SMR info:
_java_thread_list=0x0000027a7f066a90, length=29, elements={
0x0000027a7c37e000, 0x0000027a7c387800, 0x0000027a7c39c000, 0x0000027a7c39f000,
0x0000027a7ccf2800, 0x0000027a7ccf7000, 0x0000027a7ce14800, 0x0000027a7ce1b000,
0x0000027a7eb36800, 0x0000027a7eb37800, 0x0000027a7eb76800, 0x0000027a7eb78800,
0x0000027a7ee1b800, 0x0000027a7f12d800, 0x0000027a7f24a000, 0x0000027a7f1cf000,
0x0000027a7f1cd000, 0x0000027a7f1cf800, 0x0000027a7f1cc800, 0x0000027a7f1ce000,
0x0000027a7f1d0800, 0x0000027a7f1d1000, 0x0000027a7f1cb800, 0x0000027a7f1d2000,
0x0000027a7f273000, 0x0000027a7f276000, 0x0000027a7f271800, 0x0000027a7f277000,
0x0000027a7f273800
}

Java Threads: ( => current thread )
  0x0000027a7c37e000 JavaThread "Reference Handler" daemon [_thread_blocked, id=14744, stack(0x000000a589000000,0x000000a589100000)]
  0x0000027a7c387800 JavaThread "Finalizer" daemon [_thread_blocked, id=29560, stack(0x000000a589100000,0x000000a589200000)]
  0x0000027a7c39c000 JavaThread "Signal Dispatcher" daemon [_thread_blocked, id=30648, stack(0x000000a589200000,0x000000a589300000)]
  0x0000027a7c39f000 JavaThread "Attach Listener" daemon [_thread_blocked, id=31748, stack(0x000000a589300000,0x000000a589400000)]
  0x0000027a7ccf2800 JavaThread "C1 CompilerThread0" daemon [_thread_blocked, id=4592, stack(0x000000a589400000,0x000000a589500000)]
  0x0000027a7ccf7000 JavaThread "Sweeper thread" daemon [_thread_blocked, id=8876, stack(0x000000a589500000,0x000000a589600000)]
  0x0000027a7ce14800 JavaThread "Service Thread" daemon [_thread_blocked, id=26376, stack(0x000000a589600000,0x000000a589700000)]
  0x0000027a7ce1b000 JavaThread "Common-Cleaner" daemon [_thread_blocked, id=14868, stack(0x000000a589800000,0x000000a589900000)]
  0x0000027a7eb36800 JavaThread "Catalina-utility-1" [_thread_blocked, id=23084, stack(0x000000a589b00000,0x000000a589c00000)]
  0x0000027a7eb37800 JavaThread "Catalina-utility-2" [_thread_blocked, id=31428, stack(0x000000a589d00000,0x000000a589e00000)]
  0x0000027a7eb76800 JavaThread "container-0" [_thread_blocked, id=31668, stack(0x000000a589e00000,0x000000a589f00000)]
  0x0000027a7eb78800 JavaThread "mysql-cj-abandoned-connection-cleanup" daemon [_thread_blocked, id=2860, stack(0x000000a589f00000,0x000000a58a000000)]
  0x0000027a7ee1b800 JavaThread "HikariPool-1 housekeeper" daemon [_thread_blocked, id=32060, stack(0x000000a58a100000,0x000000a58a200000)]
  0x0000027a7f12d800 JavaThread "http-nio-8080-BlockPoller" daemon [_thread_in_native, id=9944, stack(0x000000a58a400000,0x000000a58a500000)]
  0x0000027a7f24a000 JavaThread "http-nio-8080-exec-1" daemon [_thread_blocked, id=34496, stack(0x000000a58a500000,0x000000a58a600000)]
  0x0000027a7f1cf000 JavaThread "http-nio-8080-exec-2" daemon [_thread_blocked, id=29012, stack(0x000000a58a600000,0x000000a58a700000)]
  0x0000027a7f1cd000 JavaThread "http-nio-8080-exec-3" daemon [_thread_blocked, id=32660, stack(0x000000a58a700000,0x000000a58a800000)]
  0x0000027a7f1cf800 JavaThread "http-nio-8080-exec-4" daemon [_thread_blocked, id=20700, stack(0x000000a58a800000,0x000000a58a900000)]
  0x0000027a7f1cc800 JavaThread "http-nio-8080-exec-5" daemon [_thread_blocked, id=25400, stack(0x000000a58a900000,0x000000a58aa00000)]
  0x0000027a7f1ce000 JavaThread "http-nio-8080-exec-6" daemon [_thread_blocked, id=34524, stack(0x000000a58aa00000,0x000000a58ab00000)]
  0x0000027a7f1d0800 JavaThread "http-nio-8080-exec-7" daemon [_thread_blocked, id=16844, stack(0x000000a58ab00000,0x000000a58ac00000)]
  0x0000027a7f1d1000 JavaThread "http-nio-8080-exec-8" daemon [_thread_blocked, id=29700, stack(0x000000a58ac00000,0x000000a58ad00000)]
  0x0000027a7f1cb800 JavaThread "http-nio-8080-exec-9" daemon [_thread_blocked, id=21724, stack(0x000000a58ad00000,0x000000a58ae00000)]
  0x0000027a7f1d2000 JavaThread "http-nio-8080-exec-10" daemon [_thread_blocked, id=31248, stack(0x000000a58ae00000,0x000000a58af00000)]
  0x0000027a7f273000 JavaThread "http-nio-8080-ClientPoller" daemon [_thread_in_native, id=5780, stack(0x000000a58af00000,0x000000a58b000000)]
  0x0000027a7f276000 JavaThread "http-nio-8080-Acceptor" daemon [_thread_in_native, id=34324, stack(0x000000a58b000000,0x000000a58b100000)]
  0x0000027a7f271800 JavaThread "DestroyJavaVM" [_thread_blocked, id=11460, stack(0x000000a588900000,0x000000a588a00000)]
  0x0000027a7f277000 JavaThread "HikariPool-1 connection closer" daemon [_thread_blocked, id=24708, stack(0x000000a58a000000,0x000000a58a100000)]
  0x0000027a7f273800 JavaThread "HikariPool-1 connection adder" daemon [_thread_blocked, id=32460, stack(0x000000a58a200000,0x000000a58a300000)]

Other Threads:
  0x0000027a7c356800 VMThread "VM Thread" [stack: 0x000000a588f00000,0x000000a589000000] [id=7644]
  0x0000027a7ce18000 WatcherThread [stack: 0x000000a589700000,0x000000a589800000] [id=30372]
=>0x0000027a6cf09800 GCTaskThread "GC Thread#0" [stack: 0x000000a588a00000,0x000000a588b00000] [id=12780]
  0x0000027a7d566000 GCTaskThread "GC Thread#1" [stack: 0x000000a589900000,0x000000a589a00000] [id=13100]
  0x0000027a7d56d000 GCTaskThread "GC Thread#2" [stack: 0x000000a589a00000,0x000000a589b00000] [id=5932]
  0x0000027a7d56c000 GCTaskThread "GC Thread#3" [stack: 0x000000a589c00000,0x000000a589d00000] [id=34564]
  0x0000027a6cf3e000 ConcurrentGCThread "G1 Main Marker" [stack: 0x000000a588b00000,0x000000a588c00000] [id=25552]
  0x0000027a6cf41800 ConcurrentGCThread "G1 Conc#0" [stack: 0x000000a588c00000,0x000000a588d00000] [id=22708]
  0x0000027a7c1c6800 ConcurrentGCThread "G1 Refine#0" [stack: 0x000000a588d00000,0x000000a588e00000] [id=9060]
  0x0000027a7c1c7000 ConcurrentGCThread "G1 Young RemSet Sampling" [stack: 0x000000a588e00000,0x000000a588f00000] [id=32940]

Threads with active compile tasks:
C1 CompilerThread011363392 5102       1       sun.security.ssl.CipherSuite::validValuesOf (203 bytes)

VM state:at safepoint (normal execution)

VM Mutex/Monitor currently owned by a thread:  ([mutex/lock_event])
[0x0000027a6cef2070] Threads_lock - owner thread: 0x0000027a7c356800
[0x0000027a6cef2cd0] Heap_lock - owner thread: 0x0000027a7f273800

Heap address: 0x0000000081c00000, size: 2020 MB, Compressed Oops mode: 32-bit
Narrow klass base: 0x0000000000000000, Narrow klass shift: 3
Compressed class space size: 1073741824 Address: 0x0000000100000000

Heap:
 garbage-first heap   total 207872K, used 145790K [0x0000000081c00000, 0x0000000100000000)
  region size 1024K, 131 young (134144K), 16 survivors (16384K)
 Metaspace       used 57594K, capacity 59103K, committed 59164K, reserved 1099776K
  class space    used 7416K, capacity 8027K, committed 8044K, reserved 1048576K
Heap Regions: E=young(eden), S=young(survivor), O=old, HS=humongous(starts), HC=humongous(continues), CS=collection set, F=free, A=archive, TAMS=top-at-mark-start (previous, next)
|   0|0x0000000081c00000, 0x0000000081d00000, 0x0000000081d00000|100%|HS|  |TAMS 0x0000000081d00000, 0x0000000081c00000| Complete 
|   1|0x0000000081d00000, 0x0000000081e00000, 0x0000000081e00000|100%| O|  |TAMS 0x0000000081e00000, 0x0000000081d00000| Untracked 
|   2|0x0000000081e00000, 0x0000000081f00000, 0x0000000081f00000|100%| O|  |TAMS 0x0000000081f00000, 0x0000000081e00000| Untracked 
|   3|0x0000000081f00000, 0x0000000082000000, 0x0000000082000000|100%| O|  |TAMS 0x0000000082000000, 0x0000000081f00000| Untracked 
|   4|0x0000000082000000, 0x0000000082100000, 0x0000000082100000|100%| O|  |TAMS 0x0000000082100000, 0x0000000082000000| Untracked 
|   5|0x0000000082100000, 0x0000000082200000, 0x0000000082200000|100%| O|  |TAMS 0x0000000082200000, 0x0000000082100000| Untracked 
|   6|0x0000000082200000, 0x0000000082300000, 0x0000000082300000|100%| O|  |TAMS 0x000000008225c000, 0x0000000082200000| Untracked 
|   7|0x0000000082300000, 0x0000000082400000, 0x0000000082400000|100%| O|  |TAMS 0x0000000082300000, 0x0000000082300000| Untracked 
|   8|0x0000000082400000, 0x0000000082500000, 0x0000000082500000|100%| O|  |TAMS 0x0000000082400000, 0x0000000082400000| Untracked 
|   9|0x0000000082500000, 0x0000000082600000, 0x0000000082600000|100%| O|  |TAMS 0x0000000082500000, 0x0000000082500000| Untracked 
|  10|0x0000000082600000, 0x0000000082700000, 0x0000000082700000|100%| O|  |TAMS 0x0000000082600000, 0x0000000082600000| Untracked 
|  11|0x0000000082700000, 0x0000000082800000, 0x0000000082800000|100%| O|  |TAMS 0x0000000082700000, 0x0000000082700000| Untracked 
|  12|0x0000000082800000, 0x0000000082900000, 0x0000000082900000|100%| O|  |TAMS 0x0000000082800000, 0x0000000082800000| Untracked 
|  13|0x0000000082900000, 0x0000000082a00000, 0x0000000082a00000|100%| O|  |TAMS 0x0000000082900000, 0x0000000082900000| Untracked 
|  14|0x0000000082a00000, 0x0000000082b00000, 0x0000000082b00000|100%| O|  |TAMS 0x0000000082a00000, 0x0000000082a00000| Untracked 
|  15|0x0000000082b00000, 0x0000000082c00000, 0x0000000082c00000|100%| O|  |TAMS 0x0000000082b00000, 0x0000000082b00000| Untracked 
|  16|0x0000000082c00000, 0x0000000082d00000, 0x0000000082d00000|100%| O|  |TAMS 0x0000000082c00000, 0x0000000082c00000| Untracked 
|  17|0x0000000082d00000, 0x0000000082e00000, 0x0000000082e00000|100%| O|  |TAMS 0x0000000082d00000, 0x0000000082d00000| Untracked 
|  18|0x0000000082e00000, 0x0000000082f00000, 0x0000000082f00000|100%| O|  |TAMS 0x0000000082e00000, 0x0000000082e00000| Untracked 
|  19|0x0000000082f00000, 0x0000000083000000, 0x0000000083000000|100%| O|  |TAMS 0x0000000082f00000, 0x0000000082f00000| Untracked 
|  20|0x0000000083000000, 0x0000000083100000, 0x0000000083100000|100%| O|  |TAMS 0x0000000083000000, 0x0000000083000000| Untracked 
|  21|0x0000000083100000, 0x0000000083200000, 0x0000000083200000|100%| O|  |TAMS 0x0000000083100000, 0x0000000083100000| Untracked 
|  22|0x0000000083200000, 0x0000000083300000, 0x0000000083300000|100%| O|  |TAMS 0x0000000083200000, 0x0000000083200000| Untracked 
|  23|0x0000000083300000, 0x0000000083400000, 0x0000000083400000|100%| O|  |TAMS 0x0000000083300000, 0x0000000083300000| Untracked 
|  24|0x0000000083400000, 0x00000000834aa830, 0x0000000083500000| 66%| O|  |TAMS 0x0000000083400000, 0x0000000083400000| Untracked 
|  25|0x0000000083500000, 0x0000000083500000, 0x0000000083600000|  0%| F|  |TAMS 0x0000000083500000, 0x0000000083500000| Untracked 
|  26|0x0000000083600000, 0x0000000083600000, 0x0000000083700000|  0%| F|  |TAMS 0x0000000083600000, 0x0000000083600000| Untracked 
|  27|0x0000000083700000, 0x0000000083700000, 0x0000000083800000|  0%| F|  |TAMS 0x0000000083700000, 0x0000000083700000| Untracked 
|  28|0x0000000083800000, 0x0000000083800000, 0x0000000083900000|  0%| F|  |TAMS 0x0000000083800000, 0x0000000083800000| Untracked 
|  29|0x0000000083900000, 0x0000000083900000, 0x0000000083a00000|  0%| F|  |TAMS 0x0000000083900000, 0x0000000083900000| Untracked 
|  30|0x0000000083a00000, 0x0000000083a00000, 0x0000000083b00000|  0%| F|  |TAMS 0x0000000083a00000, 0x0000000083a00000| Untracked 
|  31|0x0000000083b00000, 0x0000000083b00000, 0x0000000083c00000|  0%| F|  |TAMS 0x0000000083b00000, 0x0000000083b00000| Untracked 
|  32|0x0000000083c00000, 0x0000000083c00000, 0x0000000083d00000|  0%| F|  |TAMS 0x0000000083c00000, 0x0000000083c00000| Untracked 
|  33|0x0000000083d00000, 0x0000000083d00000, 0x0000000083e00000|  0%| F|  |TAMS 0x0000000083d00000, 0x0000000083d00000| Untracked 
|  34|0x0000000083e00000, 0x0000000083e00000, 0x0000000083f00000|  0%| F|  |TAMS 0x0000000083e00000, 0x0000000083e00000| Untracked 
|  35|0x0000000083f00000, 0x0000000083f00000, 0x0000000084000000|  0%| F|  |TAMS 0x0000000083f00000, 0x0000000083f00000| Untracked 
|  36|0x0000000084000000, 0x0000000084000000, 0x0000000084100000|  0%| F|  |TAMS 0x0000000084000000, 0x0000000084000000| Untracked 
|  37|0x0000000084100000, 0x0000000084100000, 0x0000000084200000|  0%| F|  |TAMS 0x0000000084100000, 0x0000000084100000| Untracked 
|  38|0x0000000084200000, 0x0000000084200000, 0x0000000084300000|  0%| F|  |TAMS 0x0000000084200000, 0x0000000084200000| Untracked 
|  39|0x0000000084300000, 0x0000000084300000, 0x0000000084400000|  0%| F|  |TAMS 0x0000000084300000, 0x0000000084300000| Untracked 
|  40|0x0000000084400000, 0x0000000084400000, 0x0000000084500000|  0%| F|  |TAMS 0x0000000084400000, 0x0000000084400000| Untracked 
|  41|0x0000000084500000, 0x0000000084500000, 0x0000000084600000|  0%| F|  |TAMS 0x0000000084500000, 0x0000000084500000| Untracked 
|  42|0x0000000084600000, 0x0000000084600000, 0x0000000084700000|  0%| F|  |TAMS 0x0000000084600000, 0x0000000084600000| Untracked 
|  43|0x0000000084700000, 0x0000000084700000, 0x0000000084800000|  0%| F|  |TAMS 0x0000000084700000, 0x0000000084700000| Untracked 
|  44|0x0000000084800000, 0x0000000084800000, 0x0000000084900000|  0%| F|  |TAMS 0x0000000084800000, 0x0000000084800000| Untracked 
|  45|0x0000000084900000, 0x0000000084900000, 0x0000000084a00000|  0%| F|  |TAMS 0x0000000084900000, 0x0000000084900000| Untracked 
|  46|0x0000000084a00000, 0x0000000084a00000, 0x0000000084b00000|  0%| F|  |TAMS 0x0000000084a00000, 0x0000000084a00000| Untracked 
|  47|0x0000000084b00000, 0x0000000084b00000, 0x0000000084c00000|  0%| F|  |TAMS 0x0000000084b00000, 0x0000000084b00000| Untracked 
|  48|0x0000000084c00000, 0x0000000084c00000, 0x0000000084d00000|  0%| F|  |TAMS 0x0000000084c00000, 0x0000000084c00000| Untracked 
|  49|0x0000000084d00000, 0x0000000084d00000, 0x0000000084e00000|  0%| F|  |TAMS 0x0000000084d00000, 0x0000000084d00000| Untracked 
|  50|0x0000000084e00000, 0x0000000084e00000, 0x0000000084f00000|  0%| F|  |TAMS 0x0000000084e00000, 0x0000000084e00000| Untracked 
|  51|0x0000000084f00000, 0x0000000084f00000, 0x0000000085000000|  0%| F|  |TAMS 0x0000000084f00000, 0x0000000084f00000| Untracked 
|  52|0x0000000085000000, 0x0000000085000000, 0x0000000085100000|  0%| F|  |TAMS 0x0000000085000000, 0x0000000085000000| Untracked 
|  53|0x0000000085100000, 0x0000000085100000, 0x0000000085200000|  0%| F|  |TAMS 0x0000000085100000, 0x0000000085100000| Untracked 
|  54|0x0000000085200000, 0x0000000085200000, 0x0000000085300000|  0%| F|  |TAMS 0x0000000085200000, 0x0000000085200000| Untracked 
|  55|0x0000000085300000, 0x0000000085300000, 0x0000000085400000|  0%| F|  |TAMS 0x0000000085300000, 0x0000000085300000| Untracked 
|  56|0x0000000085400000, 0x0000000085400000, 0x0000000085500000|  0%| F|  |TAMS 0x0000000085400000, 0x0000000085400000| Untracked 
|  57|0x0000000085500000, 0x0000000085500000, 0x0000000085600000|  0%| F|  |TAMS 0x0000000085500000, 0x0000000085500000| Untracked 
|  58|0x0000000085600000, 0x0000000085600000, 0x0000000085700000|  0%| F|  |TAMS 0x0000000085600000, 0x0000000085600000| Untracked 
|  59|0x0000000085700000, 0x0000000085700000, 0x0000000085800000|  0%| F|  |TAMS 0x0000000085700000, 0x0000000085700000| Untracked 
|  60|0x0000000085800000, 0x0000000085800000, 0x0000000085900000|  0%| F|  |TAMS 0x0000000085800000, 0x0000000085800000| Untracked 
|  61|0x0000000085900000, 0x000000008596f4c0, 0x0000000085a00000| 43%| E|CS|TAMS 0x0000000085900000, 0x0000000085900000| Complete 
|  62|0x0000000085a00000, 0x0000000085b00000, 0x0000000085b00000|100%| E|CS|TAMS 0x0000000085a00000, 0x0000000085a00000| Complete 
|  63|0x0000000085b00000, 0x0000000085c00000, 0x0000000085c00000|100%| E|CS|TAMS 0x0000000085b00000, 0x0000000085b00000| Complete 
|  64|0x0000000085c00000, 0x0000000085d00000, 0x0000000085d00000|100%| E|CS|TAMS 0x0000000085c00000, 0x0000000085c00000| Complete 
|  65|0x0000000085d00000, 0x0000000085d00000, 0x0000000085e00000|  0%| F|  |TAMS 0x0000000085d00000, 0x0000000085d00000| Untracked 
|  66|0x0000000085e00000, 0x0000000085e00000, 0x0000000085f00000|  0%| F|  |TAMS 0x0000000085e00000, 0x0000000085e00000| Untracked 
|  67|0x0000000085f00000, 0x0000000085f00000, 0x0000000086000000|  0%| F|  |TAMS 0x0000000085f00000, 0x0000000085f00000| Untracked 
|  68|0x0000000086000000, 0x0000000086000000, 0x0000000086100000|  0%| F|  |TAMS 0x0000000086000000, 0x0000000086000000| Untracked 
|  69|0x0000000086100000, 0x0000000086100000, 0x0000000086200000|  0%| F|  |TAMS 0x0000000086100000, 0x0000000086100000| Untracked 
|  70|0x0000000086200000, 0x0000000086300000, 0x0000000086300000|100%| S|  |TAMS 0x0000000086200000, 0x0000000086200000| Complete 
|  71|0x0000000086300000, 0x0000000086400000, 0x0000000086400000|100%| S|  |TAMS 0x0000000086300000, 0x0000000086300000| Complete 
|  72|0x0000000086400000, 0x0000000086500000, 0x0000000086500000|100%| E|CS|TAMS 0x0000000086400000, 0x0000000086400000| Complete 
|  73|0x0000000086500000, 0x0000000086600000, 0x0000000086600000|100%| E|CS|TAMS 0x0000000086500000, 0x0000000086500000| Complete 
|  74|0x0000000086600000, 0x0000000086700000, 0x0000000086700000|100%| S|  |TAMS 0x0000000086600000, 0x0000000086600000| Complete 
|  75|0x0000000086700000, 0x0000000086800000, 0x0000000086800000|100%| S|  |TAMS 0x0000000086700000, 0x0000000086700000| Complete 
|  76|0x0000000086800000, 0x0000000086900000, 0x0000000086900000|100%| S|  |TAMS 0x0000000086800000, 0x0000000086800000| Complete 
|  77|0x0000000086900000, 0x0000000086a00000, 0x0000000086a00000|100%| S|  |TAMS 0x0000000086900000, 0x0000000086900000| Complete 
|  78|0x0000000086a00000, 0x0000000086b00000, 0x0000000086b00000|100%| S|  |TAMS 0x0000000086a00000, 0x0000000086a00000| Complete 
|  79|0x0000000086b00000, 0x0000000086c00000, 0x0000000086c00000|100%| S|  |TAMS 0x0000000086b00000, 0x0000000086b00000| Complete 
|  80|0x0000000086c00000, 0x0000000086d00000, 0x0000000086d00000|100%| S|  |TAMS 0x0000000086c00000, 0x0000000086c00000| Complete 
|  81|0x0000000086d00000, 0x0000000086e00000, 0x0000000086e00000|100%| S|  |TAMS 0x0000000086d00000, 0x0000000086d00000| Complete 
|  82|0x0000000086e00000, 0x0000000086f00000, 0x0000000086f00000|100%| S|  |TAMS 0x0000000086e00000, 0x0000000086e00000| Complete 
|  83|0x0000000086f00000, 0x0000000087000000, 0x0000000087000000|100%| S|  |TAMS 0x0000000086f00000, 0x0000000086f00000| Complete 
|  84|0x0000000087000000, 0x0000000087100000, 0x0000000087100000|100%| S|  |TAMS 0x0000000087000000, 0x0000000087000000| Complete 
|  85|0x0000000087100000, 0x0000000087200000, 0x0000000087200000|100%| S|  |TAMS 0x0000000087100000, 0x0000000087100000| Complete 
|  86|0x0000000087200000, 0x0000000087300000, 0x0000000087300000|100%| S|  |TAMS 0x0000000087200000, 0x0000000087200000| Complete 
|  87|0x0000000087300000, 0x0000000087400000, 0x0000000087400000|100%| S|  |TAMS 0x0000000087300000, 0x0000000087300000| Complete 
|  88|0x0000000087400000, 0x0000000087500000, 0x0000000087500000|100%| E|CS|TAMS 0x0000000087400000, 0x0000000087400000| Complete 
|  89|0x0000000087500000, 0x0000000087600000, 0x0000000087600000|100%| E|CS|TAMS 0x0000000087500000, 0x0000000087500000| Complete 
|  90|0x0000000087600000, 0x0000000087700000, 0x0000000087700000|100%| E|CS|TAMS 0x0000000087600000, 0x0000000087600000| Complete 
|  91|0x0000000087700000, 0x0000000087800000, 0x0000000087800000|100%| E|CS|TAMS 0x0000000087700000, 0x0000000087700000| Complete 
|  92|0x0000000087800000, 0x0000000087900000, 0x0000000087900000|100%| E|CS|TAMS 0x0000000087800000, 0x0000000087800000| Complete 
|  93|0x0000000087900000, 0x0000000087a00000, 0x0000000087a00000|100%| E|CS|TAMS 0x0000000087900000, 0x0000000087900000| Complete 
|  94|0x0000000087a00000, 0x0000000087b00000, 0x0000000087b00000|100%| E|CS|TAMS 0x0000000087a00000, 0x0000000087a00000| Complete 
|  95|0x0000000087b00000, 0x0000000087c00000, 0x0000000087c00000|100%| E|CS|TAMS 0x0000000087b00000, 0x0000000087b00000| Complete 
|  96|0x0000000087c00000, 0x0000000087d00000, 0x0000000087d00000|100%| E|CS|TAMS 0x0000000087c00000, 0x0000000087c00000| Complete 
|  97|0x0000000087d00000, 0x0000000087e00000, 0x0000000087e00000|100%| E|CS|TAMS 0x0000000087d00000, 0x0000000087d00000| Complete 
|  98|0x0000000087e00000, 0x0000000087f00000, 0x0000000087f00000|100%| E|CS|TAMS 0x0000000087e00000, 0x0000000087e00000| Complete 
|  99|0x0000000087f00000, 0x0000000088000000, 0x0000000088000000|100%| E|CS|TAMS 0x0000000087f00000, 0x0000000087f00000| Complete 
| 100|0x0000000088000000, 0x0000000088100000, 0x0000000088100000|100%| E|CS|TAMS 0x0000000088000000, 0x0000000088000000| Complete 
| 101|0x0000000088100000, 0x0000000088200000, 0x0000000088200000|100%| E|CS|TAMS 0x0000000088100000, 0x0000000088100000| Complete 
| 102|0x0000000088200000, 0x0000000088300000, 0x0000000088300000|100%| E|CS|TAMS 0x0000000088200000, 0x0000000088200000| Complete 
| 103|0x0000000088300000, 0x0000000088400000, 0x0000000088400000|100%| E|CS|TAMS 0x0000000088300000, 0x0000000088300000| Complete 
| 104|0x0000000088400000, 0x0000000088500000, 0x0000000088500000|100%| E|CS|TAMS 0x0000000088400000, 0x0000000088400000| Complete 
| 105|0x0000000088500000, 0x0000000088600000, 0x0000000088600000|100%| E|CS|TAMS 0x0000000088500000, 0x0000000088500000| Complete 
| 106|0x0000000088600000, 0x0000000088700000, 0x0000000088700000|100%| E|CS|TAMS 0x0000000088600000, 0x0000000088600000| Complete 
| 107|0x0000000088700000, 0x0000000088800000, 0x0000000088800000|100%| E|CS|TAMS 0x0000000088700000, 0x0000000088700000| Complete 
| 108|0x0000000088800000, 0x0000000088900000, 0x0000000088900000|100%| E|CS|TAMS 0x0000000088800000, 0x0000000088800000| Complete 
| 109|0x0000000088900000, 0x0000000088a00000, 0x0000000088a00000|100%| E|CS|TAMS 0x0000000088900000, 0x0000000088900000| Complete 
| 110|0x0000000088a00000, 0x0000000088b00000, 0x0000000088b00000|100%| E|CS|TAMS 0x0000000088a00000, 0x0000000088a00000| Complete 
| 111|0x0000000088b00000, 0x0000000088c00000, 0x0000000088c00000|100%| E|CS|TAMS 0x0000000088b00000, 0x0000000088b00000| Complete 
| 112|0x0000000088c00000, 0x0000000088d00000, 0x0000000088d00000|100%| E|CS|TAMS 0x0000000088c00000, 0x0000000088c00000| Complete 
| 113|0x0000000088d00000, 0x0000000088e00000, 0x0000000088e00000|100%| E|CS|TAMS 0x0000000088d00000, 0x0000000088d00000| Complete 
| 114|0x0000000088e00000, 0x0000000088f00000, 0x0000000088f00000|100%| E|CS|TAMS 0x0000000088e00000, 0x0000000088e00000| Complete 
| 115|0x0000000088f00000, 0x0000000089000000, 0x0000000089000000|100%| E|CS|TAMS 0x0000000088f00000, 0x0000000088f00000| Complete 
| 116|0x0000000089000000, 0x0000000089100000, 0x0000000089100000|100%| E|CS|TAMS 0x0000000089000000, 0x0000000089000000| Complete 
| 117|0x0000000089100000, 0x0000000089200000, 0x0000000089200000|100%| E|CS|TAMS 0x0000000089100000, 0x0000000089100000| Complete 
| 118|0x0000000089200000, 0x0000000089300000, 0x0000000089300000|100%| E|CS|TAMS 0x0000000089200000, 0x0000000089200000| Complete 
| 119|0x0000000089300000, 0x0000000089400000, 0x0000000089400000|100%| E|CS|TAMS 0x0000000089300000, 0x0000000089300000| Complete 
| 120|0x0000000089400000, 0x0000000089500000, 0x0000000089500000|100%| E|CS|TAMS 0x0000000089400000, 0x0000000089400000| Complete 
| 121|0x0000000089500000, 0x0000000089600000, 0x0000000089600000|100%| E|CS|TAMS 0x0000000089500000, 0x0000000089500000| Complete 
| 122|0x0000000089600000, 0x0000000089700000, 0x0000000089700000|100%| E|CS|TAMS 0x0000000089600000, 0x0000000089600000| Complete 
| 123|0x0000000089700000, 0x0000000089800000, 0x0000000089800000|100%| E|CS|TAMS 0x0000000089700000, 0x0000000089700000| Complete 
| 124|0x0000000089800000, 0x0000000089900000, 0x0000000089900000|100%| E|CS|TAMS 0x0000000089800000, 0x0000000089800000| Complete 
| 125|0x0000000089900000, 0x0000000089a00000, 0x0000000089a00000|100%| E|CS|TAMS 0x0000000089900000, 0x0000000089900000| Complete 
| 126|0x0000000089a00000, 0x0000000089b00000, 0x0000000089b00000|100%| E|CS|TAMS 0x0000000089a00000, 0x0000000089a00000| Complete 
| 127|0x0000000089b00000, 0x0000000089c00000, 0x0000000089c00000|100%| E|CS|TAMS 0x0000000089b00000, 0x0000000089b00000| Complete 
| 128|0x0000000089c00000, 0x0000000089d00000, 0x0000000089d00000|100%| E|CS|TAMS 0x0000000089c00000, 0x0000000089c00000| Complete 
| 129|0x0000000089d00000, 0x0000000089e00000, 0x0000000089e00000|100%| E|CS|TAMS 0x0000000089d00000, 0x0000000089d00000| Complete 
| 130|0x0000000089e00000, 0x0000000089f00000, 0x0000000089f00000|100%| E|CS|TAMS 0x0000000089e00000, 0x0000000089e00000| Complete 
| 131|0x0000000089f00000, 0x000000008a000000, 0x000000008a000000|100%| E|CS|TAMS 0x0000000089f00000, 0x0000000089f00000| Complete 
| 132|0x000000008a000000, 0x000000008a100000, 0x000000008a100000|100%| E|CS|TAMS 0x000000008a000000, 0x000000008a000000| Complete 
| 133|0x000000008a100000, 0x000000008a200000, 0x000000008a200000|100%| E|CS|TAMS 0x000000008a100000, 0x000000008a100000| Complete 
| 134|0x000000008a200000, 0x000000008a300000, 0x000000008a300000|100%| E|CS|TAMS 0x000000008a200000, 0x000000008a200000| Complete 
| 135|0x000000008a300000, 0x000000008a400000, 0x000000008a400000|100%| E|CS|TAMS 0x000000008a300000, 0x000000008a300000| Complete 
| 136|0x000000008a400000, 0x000000008a500000, 0x000000008a500000|100%| E|CS|TAMS 0x000000008a400000, 0x000000008a400000| Complete 
| 137|0x000000008a500000, 0x000000008a600000, 0x000000008a600000|100%| E|CS|TAMS 0x000000008a500000, 0x000000008a500000| Complete 
| 138|0x000000008a600000, 0x000000008a700000, 0x000000008a700000|100%| E|CS|TAMS 0x000000008a600000, 0x000000008a600000| Complete 
| 139|0x000000008a700000, 0x000000008a800000, 0x000000008a800000|100%| E|CS|TAMS 0x000000008a700000, 0x000000008a700000| Complete 
| 140|0x000000008a800000, 0x000000008a900000, 0x000000008a900000|100%| E|CS|TAMS 0x000000008a800000, 0x000000008a800000| Complete 
| 141|0x000000008a900000, 0x000000008aa00000, 0x000000008aa00000|100%| E|CS|TAMS 0x000000008a900000, 0x000000008a900000| Complete 
| 142|0x000000008aa00000, 0x000000008ab00000, 0x000000008ab00000|100%| E|CS|TAMS 0x000000008aa00000, 0x000000008aa00000| Complete 
| 143|0x000000008ab00000, 0x000000008ac00000, 0x000000008ac00000|100%| E|CS|TAMS 0x000000008ab00000, 0x000000008ab00000| Complete 
| 144|0x000000008ac00000, 0x000000008ad00000, 0x000000008ad00000|100%| E|CS|TAMS 0x000000008ac00000, 0x000000008ac00000| Complete 
| 145|0x000000008ad00000, 0x000000008ae00000, 0x000000008ae00000|100%| E|CS|TAMS 0x000000008ad00000, 0x000000008ad00000| Complete 
| 146|0x000000008ae00000, 0x000000008af00000, 0x000000008af00000|100%| E|CS|TAMS 0x000000008ae00000, 0x000000008ae00000| Complete 
| 147|0x000000008af00000, 0x000000008b000000, 0x000000008b000000|100%| E|CS|TAMS 0x000000008af00000, 0x000000008af00000| Complete 
| 148|0x000000008b000000, 0x000000008b100000, 0x000000008b100000|100%| E|CS|TAMS 0x000000008b000000, 0x000000008b000000| Complete 
| 149|0x000000008b100000, 0x000000008b200000, 0x000000008b200000|100%| E|CS|TAMS 0x000000008b100000, 0x000000008b100000| Complete 
| 150|0x000000008b200000, 0x000000008b300000, 0x000000008b300000|100%| E|CS|TAMS 0x000000008b200000, 0x000000008b200000| Complete 
| 151|0x000000008b300000, 0x000000008b400000, 0x000000008b400000|100%| E|CS|TAMS 0x000000008b300000, 0x000000008b300000| Complete 
| 152|0x000000008b400000, 0x000000008b500000, 0x000000008b500000|100%| E|CS|TAMS 0x000000008b400000, 0x000000008b400000| Complete 
| 153|0x000000008b500000, 0x000000008b600000, 0x000000008b600000|100%| E|CS|TAMS 0x000000008b500000, 0x000000008b500000| Complete 
| 154|0x000000008b600000, 0x000000008b700000, 0x000000008b700000|100%| E|CS|TAMS 0x000000008b600000, 0x000000008b600000| Complete 
| 155|0x000000008b700000, 0x000000008b800000, 0x000000008b800000|100%| E|CS|TAMS 0x000000008b700000, 0x000000008b700000| Complete 
| 156|0x000000008b800000, 0x000000008b900000, 0x000000008b900000|100%| E|CS|TAMS 0x000000008b800000, 0x000000008b800000| Complete 
| 157|0x000000008b900000, 0x000000008ba00000, 0x000000008ba00000|100%| E|CS|TAMS 0x000000008b900000, 0x000000008b900000| Complete 
| 158|0x000000008ba00000, 0x000000008bb00000, 0x000000008bb00000|100%| E|CS|TAMS 0x000000008ba00000, 0x000000008ba00000| Complete 
| 159|0x000000008bb00000, 0x000000008bc00000, 0x000000008bc00000|100%| E|CS|TAMS 0x000000008bb00000, 0x000000008bb00000| Complete 
| 160|0x000000008bc00000, 0x000000008bd00000, 0x000000008bd00000|100%| E|CS|TAMS 0x000000008bc00000, 0x000000008bc00000| Complete 
| 161|0x000000008bd00000, 0x000000008be00000, 0x000000008be00000|100%| E|CS|TAMS 0x000000008bd00000, 0x000000008bd00000| Complete 
| 162|0x000000008be00000, 0x000000008bf00000, 0x000000008bf00000|100%| E|CS|TAMS 0x000000008be00000, 0x000000008be00000| Complete 
| 163|0x000000008bf00000, 0x000000008c000000, 0x000000008c000000|100%| E|CS|TAMS 0x000000008bf00000, 0x000000008bf00000| Complete 
| 164|0x000000008c000000, 0x000000008c100000, 0x000000008c100000|100%| E|CS|TAMS 0x000000008c000000, 0x000000008c000000| Complete 
| 165|0x000000008c100000, 0x000000008c200000, 0x000000008c200000|100%| E|CS|TAMS 0x000000008c100000, 0x000000008c100000| Complete 
| 166|0x000000008c200000, 0x000000008c300000, 0x000000008c300000|100%| E|CS|TAMS 0x000000008c200000, 0x000000008c200000| Complete 
| 167|0x000000008c300000, 0x000000008c400000, 0x000000008c400000|100%| E|CS|TAMS 0x000000008c300000, 0x000000008c300000| Complete 
| 168|0x000000008c400000, 0x000000008c500000, 0x000000008c500000|100%| E|CS|TAMS 0x000000008c400000, 0x000000008c400000| Complete 
| 169|0x000000008c500000, 0x000000008c600000, 0x000000008c600000|100%| E|CS|TAMS 0x000000008c500000, 0x000000008c500000| Complete 
| 170|0x000000008c600000, 0x000000008c700000, 0x000000008c700000|100%| E|CS|TAMS 0x000000008c600000, 0x000000008c600000| Complete 
| 171|0x000000008c700000, 0x000000008c800000, 0x000000008c800000|100%| E|CS|TAMS 0x000000008c700000, 0x000000008c700000| Complete 
| 172|0x000000008c800000, 0x000000008c900000, 0x000000008c900000|100%| E|CS|TAMS 0x000000008c800000, 0x000000008c800000| Complete 
| 173|0x000000008c900000, 0x000000008ca00000, 0x000000008ca00000|100%| E|CS|TAMS 0x000000008c900000, 0x000000008c900000| Complete 
| 174|0x000000008ca00000, 0x000000008cb00000, 0x000000008cb00000|100%| E|CS|TAMS 0x000000008ca00000, 0x000000008ca00000| Complete 
| 175|0x000000008cb00000, 0x000000008cc00000, 0x000000008cc00000|100%| E|CS|TAMS 0x000000008cb00000, 0x000000008cb00000| Complete 
| 176|0x000000008cc00000, 0x000000008cd00000, 0x000000008cd00000|100%| E|CS|TAMS 0x000000008cc00000, 0x000000008cc00000| Complete 
| 177|0x000000008cd00000, 0x000000008ce00000, 0x000000008ce00000|100%| E|CS|TAMS 0x000000008cd00000, 0x000000008cd00000| Complete 
| 178|0x000000008ce00000, 0x000000008cf00000, 0x000000008cf00000|100%| E|CS|TAMS 0x000000008ce00000, 0x000000008ce00000| Complete 
| 179|0x000000008cf00000, 0x000000008d000000, 0x000000008d000000|100%| E|CS|TAMS 0x000000008cf00000, 0x000000008cf00000| Complete 
| 180|0x000000008d000000, 0x000000008d100000, 0x000000008d100000|100%| E|CS|TAMS 0x000000008d000000, 0x000000008d000000| Complete 
| 181|0x000000008d100000, 0x000000008d200000, 0x000000008d200000|100%| E|CS|TAMS 0x000000008d100000, 0x000000008d100000| Complete 
| 182|0x000000008d200000, 0x000000008d300000, 0x000000008d300000|100%| E|CS|TAMS 0x000000008d200000, 0x000000008d200000| Complete 
| 183|0x000000008d300000, 0x000000008d400000, 0x000000008d400000|100%| E|CS|TAMS 0x000000008d300000, 0x000000008d300000| Complete 
| 184|0x000000008d400000, 0x000000008d500000, 0x000000008d500000|100%| E|CS|TAMS 0x000000008d400000, 0x000000008d400000| Complete 
| 185|0x000000008d500000, 0x000000008d600000, 0x000000008d600000|100%| E|CS|TAMS 0x000000008d500000, 0x000000008d500000| Complete 
| 186|0x000000008d600000, 0x000000008d700000, 0x000000008d700000|100%| E|CS|TAMS 0x000000008d600000, 0x000000008d600000| Complete 
| 187|0x000000008d700000, 0x000000008d800000, 0x000000008d800000|100%| E|CS|TAMS 0x000000008d700000, 0x000000008d700000| Complete 
| 188|0x000000008d800000, 0x000000008d900000, 0x000000008d900000|100%| E|CS|TAMS 0x000000008d800000, 0x000000008d800000| Complete 
| 189|0x000000008d900000, 0x000000008da00000, 0x000000008da00000|100%| E|CS|TAMS 0x000000008d900000, 0x000000008d900000| Complete 
| 190|0x000000008da00000, 0x000000008db00000, 0x000000008db00000|100%| E|CS|TAMS 0x000000008da00000, 0x000000008da00000| Complete 
| 191|0x000000008db00000, 0x000000008dc00000, 0x000000008dc00000|100%| E|CS|TAMS 0x000000008db00000, 0x000000008db00000| Complete 
| 192|0x000000008dc00000, 0x000000008dd00000, 0x000000008dd00000|100%| E|CS|TAMS 0x000000008dc00000, 0x000000008dc00000| Complete 
| 193|0x000000008dd00000, 0x000000008de00000, 0x000000008de00000|100%| E|CS|TAMS 0x000000008dd00000, 0x000000008dd00000| Complete 
| 194|0x000000008de00000, 0x000000008df00000, 0x000000008df00000|100%| E|CS|TAMS 0x000000008de00000, 0x000000008de00000| Complete 
| 195|0x000000008df00000, 0x000000008e000000, 0x000000008e000000|100%| E|CS|TAMS 0x000000008df00000, 0x000000008df00000| Complete 
| 196|0x000000008e000000, 0x000000008e100000, 0x000000008e100000|100%| E|CS|TAMS 0x000000008e000000, 0x000000008e000000| Complete 
| 197|0x000000008e100000, 0x000000008e200000, 0x000000008e200000|100%| E|CS|TAMS 0x000000008e100000, 0x000000008e100000| Complete 
| 198|0x000000008e200000, 0x000000008e300000, 0x000000008e300000|100%| E|CS|TAMS 0x000000008e200000, 0x000000008e200000| Complete 
| 199|0x000000008e300000, 0x000000008e400000, 0x000000008e400000|100%| E|CS|TAMS 0x000000008e300000, 0x000000008e300000| Complete 
| 200|0x000000008e400000, 0x000000008e500000, 0x000000008e500000|100%| E|CS|TAMS 0x000000008e400000, 0x000000008e400000| Complete 
| 201|0x000000008e500000, 0x000000008e600000, 0x000000008e600000|100%| E|CS|TAMS 0x000000008e500000, 0x000000008e500000| Complete 
| 202|0x000000008e600000, 0x000000008e700000, 0x000000008e700000|100%| E|CS|TAMS 0x000000008e600000, 0x000000008e600000| Complete 

Card table byte_map: [0x0000027a75760000,0x0000027a75b60000] _byte_map_base: 0x0000027a75352000

Marking Bits (Prev, Next): (CMBitMap*) 0x0000027a6cf35428, (CMBitMap*) 0x0000027a6cf35460
 Prev Bits: [0x0000027a75f60000, 0x0000027a77ef0000)
 Next Bits: [0x0000027a77ef0000, 0x0000027a79e80000)

Polling page: 0x0000027a6ae80000

Metaspace:

Usage:
  Non-class:     49.88 MB capacity,    49.00 MB ( 98%) used,   711.11 KB (  1%) free+waste,   186.44 KB ( <1%) overhead. 
      Class:      7.84 MB capacity,     7.24 MB ( 92%) used,   521.13 KB (  6%) free+waste,    89.50 KB (  1%) overhead. 
       Both:     57.72 MB capacity,    56.24 MB ( 97%) used,     1.20 MB (  2%) free+waste,   275.94 KB ( <1%) overhead. 

Virtual space:
  Non-class space:       50.00 MB reserved,      49.92 MB (>99%) committed 
      Class space:        1.00 GB reserved,       7.86 MB ( <1%) committed 
             Both:        1.05 GB reserved,      57.78 MB (  5%) committed 

Chunk freelists:
   Non-Class:  0 bytes
       Class:  640 bytes
        Both:  640 bytes

CodeHeap 'non-profiled nmethods': size=238912Kb used=8447Kb max_used=8447Kb free=230464Kb
 bounds [0x0000027a006b0000, 0x0000027a00ef0000, 0x0000027a0f000000]
CodeHeap 'non-nmethods': size=6848Kb used=1232Kb max_used=1232Kb free=5615Kb
 bounds [0x0000027a00000000, 0x0000027a00270000, 0x0000027a006b0000]
 total_blobs=5674 nmethods=5080 adapters=520
 compilation: enabled
              stopped_count=0, restarted_count=0
 full_count=0

Compilation events (10 events):
Event: 11362.897 Thread 0x0000027a7ccf2800 nmethod 5097 0x0000027a00eee390 code [0x0000027a00eee520, 0x0000027a00eee698]
Event: 11362.897 Thread 0x0000027a7ccf2800 5098       1       com.mysql.cj.protocol.a.NativeProtocol::checkTransactionState (40 bytes)
Event: 11362.898 Thread 0x0000027a7ccf2800 nmethod 5098 0x0000027a00eee710 code [0x0000027a00eee8e0, 0x0000027a00eeeb20]
Event: 11362.898 Thread 0x0000027a7ccf2800 5099       1       com.mysql.cj.protocol.a.NativeServerSession::getTransactionState (35 bytes)
Event: 11362.899 Thread 0x0000027a7ccf2800 nmethod 5099 0x0000027a00eeec90 code [0x0000027a00eeee20, 0x0000027a00eeefb8]
Event: 11362.899 Thread 0x0000027a7ccf2800 5100       1       com.mysql.cj.protocol.a.result.AbstractResultsetRows::getMetadata (5 bytes)
Event: 11362.899 Thread 0x0000027a7ccf2800 nmethod 5100 0x0000027a00eef010 code [0x0000027a00eef1a0, 0x0000027a00eef2b8]
Event: 11362.900 Thread 0x0000027a7ccf2800 5101  s    1       java.io.FileDescriptor::attach (73 bytes)
Event: 11362.902 Thread 0x0000027a7ccf2800 nmethod 5101 0x0000027a00eef310 code [0x0000027a00eef500, 0x0000027a00eefbc0]
Event: 11362.903 Thread 0x0000027a7ccf2800 5102       1       sun.security.ssl.CipherSuite::validValuesOf (203 bytes)

GC Heap History (10 events):
Event: 1.113 GC heap after
{Heap after GC invocations=5 (full 0):
 garbage-first heap   total 157696K, used 8868K [0x0000000081c00000, 0x0000000100000000)
  region size 1024K, 4 young (4096K), 4 survivors (4096K)
 Metaspace       used 20530K, capacity 21092K, committed 21296K, reserved 1069056K
  class space    used 2362K, capacity 2586K, committed 2688K, reserved 1048576K
}
Event: 1.925 GC heap before
{Heap before GC invocations=6 (full 0):
 garbage-first heap   total 157696K, used 76452K [0x0000000081c00000, 0x0000000100000000)
  region size 1024K, 70 young (71680K), 4 survivors (4096K)
 Metaspace       used 26755K, capacity 27705K, committed 27952K, reserved 1073152K
  class space    used 3311K, capacity 3673K, committed 3712K, reserved 1048576K
}
Event: 1.935 GC heap after
{Heap after GC invocations=7 (full 0):
 garbage-first heap   total 157696K, used 11957K [0x0000000081c00000, 0x0000000100000000)
  region size 1024K, 7 young (7168K), 7 survivors (7168K)
 Metaspace       used 26755K, capacity 27705K, committed 27952K, reserved 1073152K
  class space    used 3311K, capacity 3673K, committed 3712K, reserved 1048576K
}
Event: 2.729 GC heap before
{Heap before GC invocations=7 (full 0):
 garbage-first heap   total 157696K, used 93877K [0x0000000081c00000, 0x0000000100000000)
  region size 1024K, 89 young (91136K), 7 survivors (7168K)
 Metaspace       used 34742K, capacity 35828K, committed 35888K, reserved 1081344K
  class space    used 4277K, capacity 4699K, committed 4736K, reserved 1048576K
}
Event: 2.742 GC heap after
{Heap after GC invocations=8 (full 0):
 garbage-first heap   total 157696K, used 15993K [0x0000000081c00000, 0x0000000100000000)
  region size 1024K, 10 young (10240K), 10 survivors (10240K)
 Metaspace       used 34742K, capacity 35828K, committed 35888K, reserved 1081344K
  class space    used 4277K, capacity 4699K, committed 4736K, reserved 1048576K
}
Event: 3.380 GC heap before
{Heap before GC invocations=9 (full 0):
 garbage-first heap   total 157696K, used 99961K [0x0000000081c00000, 0x0000000100000000)
  region size 1024K, 92 young (94208K), 10 survivors (10240K)
 Metaspace       used 45982K, capacity 47238K, committed 47516K, reserved 1091584K
  class space    used 5823K, capacity 6316K, committed 6380K, reserved 1048576K
}
Event: 3.396 GC heap after
{Heap after GC invocations=10 (full 0):
 garbage-first heap   total 157696K, used 23284K [0x0000000081c00000, 0x0000000100000000)
  region size 1024K, 12 young (12288K), 12 survivors (12288K)
 Metaspace       used 45982K, capacity 47238K, committed 47516K, reserved 1091584K
  class space    used 5823K, capacity 6316K, committed 6380K, reserved 1048576K
}
Event: 1786.052 GC heap before
{Heap before GC invocations=10 (full 0):
 garbage-first heap   total 157696K, used 104180K [0x0000000081c00000, 0x0000000100000000)
  region size 1024K, 92 young (94208K), 12 survivors (12288K)
 Metaspace       used 57557K, capacity 59073K, committed 59164K, reserved 1099776K
  class space    used 7413K, capacity 8022K, committed 8044K, reserved 1048576K
}
Event: 1786.068 GC heap after
{Heap after GC invocations=11 (full 0):
 garbage-first heap   total 207872K, used 28030K [0x0000000081c00000, 0x0000000100000000)
  region size 1024K, 6 young (6144K), 6 survivors (6144K)
 Metaspace       used 57557K, capacity 59073K, committed 59164K, reserved 1099776K
  class space    used 7413K, capacity 8022K, committed 8044K, reserved 1048576K
}
Event: 11362.908 GC heap before
{Heap before GC invocations=11 (full 0):
 garbage-first heap   total 207872K, used 144766K [0x0000000081c00000, 0x0000000100000000)
  region size 1024K, 121 young (123904K), 6 survivors (6144K)
 Metaspace       used 57594K, capacity 59103K, committed 59164K, reserved 1099776K
  class space    used 7416K, capacity 8027K, committed 8044K, reserved 1048576K
}

Deoptimization events (0 events):
No events

Classes redefined (0 events):
No events

Internal exceptions (10 events):
Event: 11362.735 Thread 0x0000027a7f277000 Exception <a 'java/net/SocketException'{0x00000000879b8560}: Software caused connection abort: recv failed> (0x00000000879b8560) thrown at [./open/src/hotspot/share/prims/jni.cpp, line 632]
Event: 11362.740 Thread 0x0000027a7f277000 Exception <a 'java/net/SocketException'{0x00000000879b9f80}: Software caused connection abort: recv failed> (0x00000000879b9f80) thrown at [./open/src/hotspot/share/prims/jni.cpp, line 632]
Event: 11362.744 Thread 0x0000027a7f277000 Exception <a 'java/net/SocketException'{0x00000000879bb6b0}: Software caused connection abort: socket write error> (0x00000000879bb6b0) thrown at [./open/src/hotspot/share/prims/jni.cpp, line 632]
Event: 11362.745 Thread 0x0000027a7f277000 Exception <a 'java/net/SocketException'{0x00000000879bbcd0}: Software caused connection abort: recv failed> (0x00000000879bbcd0) thrown at [./open/src/hotspot/share/prims/jni.cpp, line 632]
Event: 11362.749 Thread 0x0000027a7f277000 Exception <a 'java/net/SocketException'{0x00000000879bd400}: Software caused connection abort: socket write error> (0x00000000879bd400) thrown at [./open/src/hotspot/share/prims/jni.cpp, line 632]
Event: 11362.750 Thread 0x0000027a7f277000 Exception <a 'java/net/SocketException'{0x00000000879bda20}: Software caused connection abort: recv failed> (0x00000000879bda20) thrown at [./open/src/hotspot/share/prims/jni.cpp, line 632]
Event: 11362.754 Thread 0x0000027a7f277000 Exception <a 'java/net/SocketException'{0x00000000879bf150}: Software caused connection abort: socket write error> (0x00000000879bf150) thrown at [./open/src/hotspot/share/prims/jni.cpp, line 632]
Event: 11362.755 Thread 0x0000027a7f277000 Exception <a 'java/net/SocketException'{0x00000000879bf770}: Software caused connection abort: recv failed> (0x00000000879bf770) thrown at [./open/src/hotspot/share/prims/jni.cpp, line 632]
Event: 11362.759 Thread 0x0000027a7f277000 Exception <a 'java/net/SocketException'{0x00000000879c0ea0}: Software caused connection abort: socket write error> (0x00000000879c0ea0) thrown at [./open/src/hotspot/share/prims/jni.cpp, line 632]
Event: 11362.759 Thread 0x0000027a7f277000 Exception <a 'java/net/SocketException'{0x00000000879c14c0}: Software caused connection abort: recv failed> (0x00000000879c14c0) thrown at [./open/src/hotspot/share/prims/jni.cpp, line 632]

Events (10 events):
Event: 11362.756 Executing VM operation: RevokeBias done
Event: 11362.757 Executing VM operation: RevokeBias
Event: 11362.757 Executing VM operation: RevokeBias done
Event: 11362.757 Executing VM operation: RevokeBias
Event: 11362.757 Executing VM operation: RevokeBias done
Event: 11362.759 Executing VM operation: RevokeBias
Event: 11362.759 Executing VM operation: RevokeBias done
Event: 11362.759 Executing VM operation: RevokeBias
Event: 11362.760 Executing VM operation: RevokeBias done
Event: 11362.908 Executing VM operation: G1CollectForAllocation


Dynamic libraries:
0x00007ff6e9990000 - 0x00007ff6e999f000 	C:\Program Files\Java\jdk-11.0.9\bin\java.exe
0x00007ffa7f080000 - 0x00007ffa7f270000 	C:\WINDOWS\SYSTEM32\ntdll.dll
0x00007ffa4ca00000 - 0x00007ffa4ca12000 	C:\Program Files (x86)\AVG\Antivirus\aswhook.dll
0x00007ffa7dd40000 - 0x00007ffa7ddf2000 	C:\WINDOWS\System32\KERNEL32.DLL
0x00007ffa7ce30000 - 0x00007ffa7d0d5000 	C:\WINDOWS\System32\KERNELBASE.dll
0x00007ffa7c4f0000 - 0x00007ffa7c5ea000 	C:\WINDOWS\System32\ucrtbase.dll
0x00007ffa75f50000 - 0x00007ffa75f68000 	C:\Program Files\Java\jdk-11.0.9\bin\jli.dll
0x00007ffa7dba0000 - 0x00007ffa7dc43000 	C:\WINDOWS\System32\ADVAPI32.dll
0x00007ffa7ed60000 - 0x00007ffa7edfe000 	C:\WINDOWS\System32\msvcrt.dll
0x00007ffa7de00000 - 0x00007ffa7de97000 	C:\WINDOWS\System32\sechost.dll
0x00007ffa7d210000 - 0x00007ffa7d330000 	C:\WINDOWS\System32\RPCRT4.dll
0x00007ffa7e750000 - 0x00007ffa7e8e4000 	C:\WINDOWS\System32\USER32.dll
0x00007ffa7c4c0000 - 0x00007ffa7c4e1000 	C:\WINDOWS\System32\win32u.dll
0x00007ffa7e060000 - 0x00007ffa7e086000 	C:\WINDOWS\System32\GDI32.dll
0x00007ffa7c0a0000 - 0x00007ffa7c236000 	C:\WINDOWS\System32\gdi32full.dll
0x00007ffa7c3f0000 - 0x00007ffa7c48e000 	C:\WINDOWS\System32\msvcp_win.dll
0x00007ffa702f0000 - 0x00007ffa70305000 	C:\Program Files\Java\jdk-11.0.9\bin\VCRUNTIME140.dll
0x00007ffa6a270000 - 0x00007ffa6a4f4000 	C:\WINDOWS\WinSxS\amd64_microsoft.windows.common-controls_6595b64144ccf1df_6.0.18362.1198_none_9e820b57e45ad92f\COMCTL32.dll
0x00007ffa7e2b0000 - 0x00007ffa7e5e5000 	C:\WINDOWS\System32\combase.dll
0x00007ffa7c000000 - 0x00007ffa7c080000 	C:\WINDOWS\System32\bcryptPrimitives.dll
0x00007ffa79fb0000 - 0x00007ffa79fba000 	C:\WINDOWS\SYSTEM32\VERSION.dll
0x00007ffa7d400000 - 0x00007ffa7d42e000 	C:\WINDOWS\System32\IMM32.DLL
0x00007ffa5dfe0000 - 0x00007ffa5e07b000 	C:\Program Files\Java\jdk-11.0.9\bin\msvcp140.dll
0x00007ff9f46b0000 - 0x00007ff9f51a7000 	C:\Program Files\Java\jdk-11.0.9\bin\server\jvm.dll
0x00007ffa7df10000 - 0x00007ffa7df18000 	C:\WINDOWS\System32\PSAPI.DLL
0x00007ffa6e100000 - 0x00007ffa6e109000 	C:\WINDOWS\SYSTEM32\WSOCK32.dll
0x00007ffa7e240000 - 0x00007ffa7e2af000 	C:\WINDOWS\System32\WS2_32.dll
0x00007ffa78620000 - 0x00007ffa78644000 	C:\WINDOWS\SYSTEM32\WINMM.dll
0x00007ffa78530000 - 0x00007ffa7855d000 	C:\WINDOWS\SYSTEM32\WINMMBASE.dll
0x00007ffa7d0e0000 - 0x00007ffa7d12a000 	C:\WINDOWS\System32\cfgmgr32.dll
0x00007ffa7bf60000 - 0x00007ffa7bf71000 	C:\WINDOWS\System32\kernel.appcore.dll
0x00007ffa70e80000 - 0x00007ffa70e90000 	C:\Program Files\Java\jdk-11.0.9\bin\verify.dll
0x00007ffa73690000 - 0x00007ffa73884000 	C:\WINDOWS\SYSTEM32\DBGHELP.DLL
0x00007ffa73640000 - 0x00007ffa7366a000 	C:\WINDOWS\SYSTEM32\dbgcore.DLL
0x00007ffa606d0000 - 0x00007ffa606f8000 	C:\Program Files\Java\jdk-11.0.9\bin\java.dll
0x00007ffa702e0000 - 0x00007ffa702ea000 	C:\Program Files\Java\jdk-11.0.9\bin\jimage.dll
0x00007ffa5dfc0000 - 0x00007ffa5dfd6000 	C:\Program Files\Java\jdk-11.0.9\bin\zip.dll
0x00007ffa7d450000 - 0x00007ffa7db37000 	C:\WINDOWS\System32\SHELL32.dll
0x00007ffa7e6a0000 - 0x00007ffa7e749000 	C:\WINDOWS\System32\shcore.dll
0x00007ffa7c5f0000 - 0x00007ffa7cd71000 	C:\WINDOWS\System32\windows.storage.dll
0x00007ffa7bfd0000 - 0x00007ffa7bff3000 	C:\WINDOWS\System32\profapi.dll
0x00007ffa7bf80000 - 0x00007ffa7bfca000 	C:\WINDOWS\System32\powrprof.dll
0x00007ffa7bf30000 - 0x00007ffa7bf40000 	C:\WINDOWS\System32\UMPDC.dll
0x00007ffa7db40000 - 0x00007ffa7db92000 	C:\WINDOWS\System32\shlwapi.dll
0x00007ffa7c080000 - 0x00007ffa7c097000 	C:\WINDOWS\System32\cryptsp.dll
0x00007ffa5c890000 - 0x00007ffa5c8a9000 	C:\Program Files\Java\jdk-11.0.9\bin\net.dll
0x00007ffa74d70000 - 0x00007ffa74e60000 	C:\WINDOWS\SYSTEM32\WINHTTP.dll
0x00007ffa7b780000 - 0x00007ffa7b7e7000 	C:\WINDOWS\system32\mswsock.dll
0x00007ffa5c0f0000 - 0x00007ffa5c102000 	C:\Program Files\Java\jdk-11.0.9\bin\nio.dll
0x00007ffa68fe0000 - 0x00007ffa68fe9000 	C:\Program Files\Java\jdk-11.0.9\bin\management.dll
0x00007ffa68e20000 - 0x00007ffa68e2b000 	C:\Program Files\Java\jdk-11.0.9\bin\management_ext.dll
0x00007ffa70e30000 - 0x00007ffa70e46000 	C:\WINDOWS\system32\napinsp.dll
0x00007ffa70150000 - 0x00007ffa7016a000 	C:\WINDOWS\system32\pnrpnsp.dll
0x00007ffa7b4d0000 - 0x00007ffa7b59b000 	C:\WINDOWS\SYSTEM32\DNSAPI.dll
0x00007ffa7d130000 - 0x00007ffa7d138000 	C:\WINDOWS\System32\NSI.dll
0x00007ffa7b490000 - 0x00007ffa7b4ca000 	C:\WINDOWS\SYSTEM32\IPHLPAPI.DLL
0x00007ffa70140000 - 0x00007ffa7014e000 	C:\WINDOWS\System32\winrnr.dll
0x00007ffa787c0000 - 0x00007ffa787dc000 	C:\WINDOWS\system32\NLAapi.dll
0x00007ffa6f780000 - 0x00007ffa6f795000 	C:\WINDOWS\system32\wshbth.dll
0x00007ffa6e770000 - 0x00007ffa6e77a000 	C:\Windows\System32\rasadhlp.dll
0x00007ffa715d0000 - 0x00007ffa71647000 	C:\WINDOWS\System32\fwpuclnt.dll
0x00007ffa7c490000 - 0x00007ffa7c4b6000 	C:\WINDOWS\System32\bcrypt.dll
0x00007ffa7b2f0000 - 0x00007ffa7b323000 	C:\WINDOWS\system32\rsaenh.dll
0x00007ffa7be50000 - 0x00007ffa7be75000 	C:\WINDOWS\SYSTEM32\USERENV.dll
0x00007ffa7b950000 - 0x00007ffa7b95c000 	C:\WINDOWS\SYSTEM32\CRYPTBASE.dll
0x00007ffa718a0000 - 0x00007ffa718b6000 	C:\WINDOWS\SYSTEM32\dhcpcsvc6.DLL
0x00007ffa73600000 - 0x00007ffa7361c000 	C:\WINDOWS\SYSTEM32\dhcpcsvc.DLL
0x00007ffa5c0c0000 - 0x00007ffa5c0e5000 	C:\Program Files\Java\jdk-11.0.9\bin\sunec.dll
0x00007ffa66800000 - 0x00007ffa6680d000 	C:\Program Files\Java\jdk-11.0.9\bin\sunmscapi.dll
0x00007ffa7c2a0000 - 0x00007ffa7c3e9000 	C:\WINDOWS\System32\CRYPT32.dll
0x00007ffa7bf40000 - 0x00007ffa7bf52000 	C:\WINDOWS\System32\MSASN1.dll
0x00007ffa7ba50000 - 0x00007ffa7ba76000 	C:\WINDOWS\SYSTEM32\ncrypt.dll
0x00007ffa7ba10000 - 0x00007ffa7ba4b000 	C:\WINDOWS\SYSTEM32\NTASN1.dll

dbghelp: loaded successfully - version: 4.0.5 - missing functions: none
symbol engine: initialized successfully - sym options: 0x614 - pdb path: .;C:\Program Files\Java\jdk-11.0.9\bin;C:\WINDOWS\SYSTEM32;C:\Program Files (x86)\AVG\Antivirus;C:\WINDOWS\WinSxS\amd64_microsoft.windows.common-controls_6595b64144ccf1df_6.0.18362.1198_none_9e820b57e45ad92f;C:\Program Files\Java\jdk-11.0.9\bin\server

VM Arguments:
jvm_args: -Xverify:none -XX:TieredStopAtLevel=1 
java_command: kry.test.service.ServiceApplication
java_class_path (initial): C:\Kod\Kry\service\service\target\classes;C:\Users\Johanna\.m2\repository\org\springframework\spring-aop\5.3.1\spring-aop-5.3.1.jar;C:\Users\Johanna\.m2\repository\org\aspectj\aspectjweaver\1.9.6\aspectjweaver-1.9.6.jar;C:\Users\Johanna\.m2\repository\com\zaxxer\HikariCP\3.4.5\HikariCP-3.4.5.jar;C:\Users\Johanna\.m2\repository\org\springframework\spring-jdbc\5.3.1\spring-jdbc-5.3.1.jar;C:\Users\Johanna\.m2\repository\jakarta\transaction\jakarta.transaction-api\1.3.3\jakarta.transaction-api-1.3.3.jar;C:\Users\Johanna\.m2\repository\jakarta\persistence\jakarta.persistence-api\2.2.3\jakarta.persistence-api-2.2.3.jar;C:\Users\Johanna\.m2\repository\org\hibernate\hibernate-core\5.4.23.Final\hibernate-core-5.4.23.Final.jar;C:\Users\Johanna\.m2\repository\org\jboss\logging\jboss-logging\3.4.1.Final\jboss-logging-3.4.1.Final.jar;C:\Users\Johanna\.m2\repository\org\javassist\javassist\3.24.0-GA\javassist-3.24.0-GA.jar;C:\Users\Johanna\.m2\repository\net\bytebuddy\byte-buddy\1.10.18\byte-buddy-1.10.18.jar;C:\Users\Johanna\.m2\repository\antlr\antlr\2.7.7\antlr-2.7.7.jar;C:\Users\Johanna\.m2\repository\org\jboss\jandex\2.1.3.Final\jandex-2.1.3.Final.jar;C:\Users\Johanna\.m2\repository\com\fasterxml\classmate\1.5.1\classmate-1.5.1.jar;C:\Users\Johanna\.m2\repository\org\dom4j\dom4j\2.1.3\dom4j-2.1.3.jar;C:\Users\Johanna\.m2\repository\org\hibernate\common\hibernate-commons-annotations\5.1.2.Final\hibernate-commons-annotations-5.1.2.Final.jar;C:\Users\Johanna\.m2\repository\org\glassfish\jaxb\jaxb-runtime\2.3.3\jaxb-runtime-2.3.3.jar;C:\Users\Johanna\.m2\repository\org\glassfish\jaxb\txw2\2.3.3\txw2-2.3.3.jar;C:\Users\Johanna\.m2\repository\com\sun\istack\istack-commons-runtime\3.0.11\istack-commons-runtime-3.0.11.jar;C:\Users\Johanna\.m2\repository\com\sun\activation\jakarta.activation\1.2.2\jakarta.activation-1.2.2.jar;C:\Users\Johanna\.m2\repository\org\springframework\data\spring-data-jpa\2.4.1\spring-data-jpa-2.4.1.jar;C:\Users\Johanna\.m2\repos
Launcher Type: SUN_STANDARD

[Global flags]
     bool BytecodeVerificationLocal                = false                                     {product} {command line}
     bool BytecodeVerificationRemote               = false                                     {product} {command line}
     intx CICompilerCount                          = 3                                         {product} {ergonomic}
     uint ConcGCThreads                            = 1                                         {product} {ergonomic}
     uint G1ConcRefinementThreads                  = 4                                         {product} {ergonomic}
   size_t G1HeapRegionSize                         = 1048576                                   {product} {ergonomic}
    uintx GCDrainStackTargetSize                   = 64                                        {product} {ergonomic}
   size_t InitialHeapSize                          = 134217728                                 {product} {ergonomic}
   size_t MarkStackSize                            = 4194304                                   {product} {ergonomic}
   size_t MaxHeapSize                              = 2118123520                                {product} {ergonomic}
   size_t MaxNewSize                               = 1270874112                                {product} {ergonomic}
   size_t MinHeapDeltaBytes                        = 1048576                                   {product} {ergonomic}
    uintx NonNMethodCodeHeapSize                   = 6973028                                {pd product} {ergonomic}
    uintx NonProfiledCodeHeapSize                  = 244685212                              {pd product} {ergonomic}
    uintx ProfiledCodeHeapSize                     = 0                                      {pd product} {ergonomic}
    uintx ReservedCodeCacheSize                    = 251658240                              {pd product} {ergonomic}
     bool SegmentedCodeCache                       = true                                      {product} {ergonomic}
     intx TieredStopAtLevel                        = 1                                         {product} {command line}
     bool UseCompressedClassPointers               = true                                 {lp64_product} {ergonomic}
     bool UseCompressedOops                        = true                                 {lp64_product} {ergonomic}
     bool UseG1GC                                  = true                                      {product} {ergonomic}
     bool UseLargePagesIndividualAllocation        = false                                  {pd product} {ergonomic}

Logging:
Log output configuration:
 #0: stdout all=warning uptime,level,tags
 #1: stderr all=off uptime,level,tags

Environment Variables:
JAVA_HOME=C:\Program Files\Java\jdk-11.0.9
PATH=C:\Program Files\Microsoft MPI\Bin\;C:\Program Files\Common Files\Oracle\Java\javapath;C:\ProgramData\Oracle\Java\javapath;C:\Program Files (x86)\Intel\iCLS Client\;C:\Program Files\Intel\iCLS Client\;C:\WINDOWS\system32;C:\WINDOWS;C:\WINDOWS\System32\Wbem;C:\WINDOWS\System32\WindowsPowerShell\v1.0\;C:\Program Files\Intel\WiFi\bin\;C:\Program Files\Common Files\Intel\WirelessCommon\;C:\Program Files\Intel\Intel(R) Management Engine Components\DAL;C:\Program Files\Intel\Intel(R) Management Engine Components\IPT;C:\Program Files (x86)\Intel\Intel(R) Management Engine Components\DAL;C:\Program Files (x86)\Intel\Intel(R) Management Engine Components\IPT;C:\Program Files (x86)\MySQL\MySQL Fabric 1.5.4 & MySQL Utilities 1.5.4 1.5\;C:\Program Files (x86)\MySQL\MySQL Fabric 1.5.4 & MySQL Utilities 1.5.4 1.5\Doctrine extensions for PHP\;C:\WINDOWS\System32\OpenSSH\;C:\Program Files\nodejs\;C:\Program Files\Git\cmd;C:\Program Files\Java\jdk-11.0.9\bin;C:\Program Files\apache-maven-3.6.3\bin;C:\Program Files\Microsoft SQL Server\Client SDK\ODBC\170\Tools\Binn\;C:\Program Files (x86)\Microsoft SQL Server\150\Tools\Binn\;C:\Program Files\Microsoft SQL Server\150\Tools\Binn\;C:\Program Files\Microsoft SQL Server\150\DTS\Binn\;C:\Users\Johanna\AppData\Local\Microsoft\WindowsApps;C:\Program Files\JetBrains\IntelliJ IDEA Community Edition 2020.2.3\bin;;C:\Users\Johanna\AppData\Roaming\npm;C:\Users\Johanna\AppData\Local\GitHubDesktop\bin;C:\Users\Johanna\AppData\Local\Programs\Microsoft VS Code\bin
USERNAME=Johanna
OS=Windows_NT
PROCESSOR_IDENTIFIER=Intel64 Family 6 Model 69 Stepping 1, GenuineIntel



---------------  S Y S T E M  ---------------

OS: Windows 10 , 64 bit Build 18362 (10.0.18362.1110)

CPU:total 4 (initial active 4) (2 cores per cpu, 2 threads per core) family 6 model 69 stepping 1, cmov, cx8, fxsr, mmx, sse, sse2, sse3, ssse3, sse4.1, sse4.2, popcnt, avx, avx2, aes, clmul, erms, lzcnt, ht, tsc, tscinvbit, bmi1, bmi2, fma

Memory: 4k page, system-wide physical 8075M (1740M free)
TotalPageFile size 13185M (AvailPageFile size 2501M)
current process WorkingSet (physical memory assigned to process): 282M, peak: 286M
current process commit charge ("private bytes"): 358M, peak: 358M

vm_info: Java HotSpot(TM) 64-Bit Server VM (11.0.9+7-LTS) for windows-amd64 JRE (11.0.9+7-LTS), built on Sep 15 2020 16:47:03 by "mach5one" with MS VC++ 15.9 (VS2017)

END.
